Using environment workers: 4
Starting Python FastAPI with 4 workers...
[2025-12-07 01:38:46 +0000] [1] [INFO] Starting gunicorn 23.0.0
[2025-12-07 01:38:46 +0000] [1] [INFO] Listening at: http://0.0.0.0:5677 (1)
[2025-12-07 01:38:46 +0000] [1] [INFO] Using worker: uvicorn.workers.UvicornWorker
[2025-12-07 01:38:46 +0000] [10] [INFO] Booting worker with pid: 10
[2025-12-07 01:38:46 +0000] [11] [INFO] Booting worker with pid: 11
[2025-12-07 01:38:46 +0000] [12] [INFO] Booting worker with pid: 12
[2025-12-07 01:38:46 +0000] [13] [INFO] Booting worker with pid: 13
[2025-12-07 01:38:46 +0000] [10] [INFO] Started server process [10]
[2025-12-07 01:38:46 +0000] [10] [INFO] Waiting for application startup.
[2025-12-07 01:38:46 +0000] [10] [INFO] Application startup complete.
[2025-12-07 01:38:46 +0000] [11] [INFO] Started server process [11]
[2025-12-07 01:38:46 +0000] [11] [INFO] Waiting for application startup.
[2025-12-07 01:38:46 +0000] [11] [INFO] Application startup complete.
[2025-12-07 01:38:46 +0000] [12] [INFO] Started server process [12]
[2025-12-07 01:38:46 +0000] [12] [INFO] Waiting for application startup.
[2025-12-07 01:38:46 +0000] [12] [INFO] Application startup complete.
[2025-12-07 01:38:46 +0000] [13] [INFO] Started server process [13]
[2025-12-07 01:38:46 +0000] [13] [INFO] Waiting for application startup.
[2025-12-07 01:38:46 +0000] [13] [INFO] Application startup complete.
[2025-12-07 01:41:12 +0000] [1] [INFO] Handling signal: term
[2025-12-07 01:41:12 +0000] [13] [INFO] Shutting down
[2025-12-07 01:41:12 +0000] [13] [INFO] Error while closing socket [Errno 9] Bad file descriptor
[2025-12-07 01:41:12 +0000] [11] [INFO] Shutting down
[2025-12-07 01:41:12 +0000] [11] [INFO] Error while closing socket [Errno 9] Bad file descriptor
[2025-12-07 01:41:12 +0000] [12] [INFO] Shutting down
[2025-12-07 01:41:12 +0000] [12] [INFO] Error while closing socket [Errno 9] Bad file descriptor
[2025-12-07 01:41:12 +0000] [10] [INFO] Shutting down
[2025-12-07 01:41:12 +0000] [10] [INFO] Error while closing socket [Errno 9] Bad file descriptor
[2025-12-07 01:41:12 +0000] [13] [INFO] Waiting for application shutdown.
[2025-12-07 01:41:12 +0000] [13] [INFO] Application shutdown complete.
[2025-12-07 01:41:12 +0000] [13] [INFO] Finished server process [13]
[2025-12-07 01:41:12 +0000] [1] [ERROR] Worker (pid:13) was sent SIGTERM!
[2025-12-07 01:41:12 +0000] [11] [INFO] Waiting for application shutdown.
[2025-12-07 01:41:12 +0000] [11] [INFO] Application shutdown complete.
[2025-12-07 01:41:12 +0000] [11] [INFO] Finished server process [11]
[2025-12-07 01:41:12 +0000] [12] [INFO] Waiting for application shutdown.
[2025-12-07 01:41:12 +0000] [12] [INFO] Application shutdown complete.
[2025-12-07 01:41:12 +0000] [12] [INFO] Finished server process [12]
[2025-12-07 01:41:12 +0000] [1] [ERROR] Worker (pid:11) was sent SIGTERM!
[2025-12-07 01:41:12 +0000] [1] [ERROR] Worker (pid:12) was sent SIGTERM!
[2025-12-07 01:41:13 +0000] [10] [INFO] Waiting for application shutdown.
[2025-12-07 01:41:13 +0000] [10] [INFO] Application shutdown complete.
[2025-12-07 01:41:13 +0000] [10] [INFO] Finished server process [10]
[2025-12-07 01:41:13 +0000] [1] [ERROR] Worker (pid:10) was sent SIGTERM!
[2025-12-07 01:41:13 +0000] [1] [INFO] Shutting down: Master
Using environment workers: 4
Starting Python FastAPI with 4 workers...
[2025-12-07 01:41:17 +0000] [1] [INFO] Starting gunicorn 23.0.0
[2025-12-07 01:41:17 +0000] [1] [INFO] Listening at: http://0.0.0.0:5677 (1)
[2025-12-07 01:41:17 +0000] [1] [INFO] Using worker: uvicorn.workers.UvicornWorker
[2025-12-07 01:41:17 +0000] [10] [INFO] Booting worker with pid: 10
[2025-12-07 01:41:17 +0000] [11] [INFO] Booting worker with pid: 11
[2025-12-07 01:41:17 +0000] [12] [INFO] Booting worker with pid: 12
[2025-12-07 01:41:17 +0000] [13] [INFO] Booting worker with pid: 13
[2025-12-07 01:41:17 +0000] [11] [INFO] Started server process [11]
[2025-12-07 01:41:17 +0000] [11] [INFO] Waiting for application startup.
[2025-12-07 01:41:17 +0000] [11] [INFO] Application startup complete.
[2025-12-07 01:41:17 +0000] [12] [INFO] Started server process [12]
[2025-12-07 01:41:17 +0000] [12] [INFO] Waiting for application startup.
[2025-12-07 01:41:17 +0000] [12] [INFO] Application startup complete.
[2025-12-07 01:41:17 +0000] [10] [INFO] Started server process [10]
[2025-12-07 01:41:17 +0000] [10] [INFO] Waiting for application startup.
[2025-12-07 01:41:17 +0000] [10] [INFO] Application startup complete.
[2025-12-07 01:41:17 +0000] [13] [INFO] Started server process [13]
[2025-12-07 01:41:17 +0000] [13] [INFO] Waiting for application startup.
[2025-12-07 01:41:17 +0000] [13] [INFO] Application startup complete.
172.25.0.1:54420 - "GET /plugins/health HTTP/1.1" 200
172.25.0.1:54420 - "GET /favicon.ico HTTP/1.1" 404
[2025-12-07 02:04:43 +0000] [1] [INFO] Handling signal: term
[2025-12-07 02:04:43 +0000] [10] [INFO] Shutting down
[2025-12-07 02:04:43 +0000] [10] [INFO] Error while closing socket [Errno 9] Bad file descriptor
[2025-12-07 02:04:43 +0000] [11] [INFO] Shutting down
[2025-12-07 02:04:43 +0000] [11] [INFO] Error while closing socket [Errno 9] Bad file descriptor
[2025-12-07 02:04:43 +0000] [12] [INFO] Shutting down
[2025-12-07 02:04:43 +0000] [12] [INFO] Error while closing socket [Errno 9] Bad file descriptor
[2025-12-07 02:04:43 +0000] [13] [INFO] Shutting down
[2025-12-07 02:04:43 +0000] [13] [INFO] Error while closing socket [Errno 9] Bad file descriptor
[2025-12-07 02:04:43 +0000] [10] [INFO] Waiting for application shutdown.
[2025-12-07 02:04:43 +0000] [10] [INFO] Application shutdown complete.
[2025-12-07 02:04:43 +0000] [10] [INFO] Finished server process [10]
[2025-12-07 02:04:43 +0000] [11] [INFO] Waiting for application shutdown.
[2025-12-07 02:04:43 +0000] [11] [INFO] Application shutdown complete.
[2025-12-07 02:04:43 +0000] [11] [INFO] Finished server process [11]
[2025-12-07 02:04:43 +0000] [12] [INFO] Waiting for application shutdown.
[2025-12-07 02:04:43 +0000] [12] [INFO] Application shutdown complete.
[2025-12-07 02:04:43 +0000] [12] [INFO] Finished server process [12]
[2025-12-07 02:04:43 +0000] [1] [ERROR] Worker (pid:11) was sent SIGTERM!
[2025-12-07 02:04:43 +0000] [13] [INFO] Waiting for application shutdown.
[2025-12-07 02:04:43 +0000] [13] [INFO] Application shutdown complete.
[2025-12-07 02:04:43 +0000] [13] [INFO] Finished server process [13]
[2025-12-07 02:04:43 +0000] [1] [ERROR] Worker (pid:10) was sent SIGTERM!
[2025-12-07 02:04:43 +0000] [1] [ERROR] Worker (pid:12) was sent SIGTERM!
[2025-12-07 02:04:43 +0000] [1] [ERROR] Worker (pid:13) was sent SIGTERM!
[2025-12-07 02:04:43 +0000] [1] [INFO] Shutting down: Master
Using environment workers: 4
Starting Python FastAPI with 4 workers...
[2025-12-07 02:16:10 +0000] [1] [INFO] Starting gunicorn 23.0.0
[2025-12-07 02:16:10 +0000] [1] [INFO] Listening at: http://0.0.0.0:5677 (1)
[2025-12-07 02:16:10 +0000] [1] [INFO] Using worker: uvicorn.workers.UvicornWorker
[2025-12-07 02:16:10 +0000] [9] [INFO] Booting worker with pid: 9
[2025-12-07 02:16:10 +0000] [10] [INFO] Booting worker with pid: 10
[2025-12-07 02:16:11 +0000] [11] [INFO] Booting worker with pid: 11
[2025-12-07 02:16:11 +0000] [9] [INFO] Started server process [9]
[2025-12-07 02:16:11 +0000] [9] [INFO] Waiting for application startup.
[2025-12-07 02:16:11 +0000] [12] [INFO] Booting worker with pid: 12
[2025-12-07 02:16:11 +0000] [9] [INFO] Application startup complete.
[2025-12-07 02:16:11 +0000] [10] [INFO] Started server process [10]
[2025-12-07 02:16:11 +0000] [10] [INFO] Waiting for application startup.
[2025-12-07 02:16:11 +0000] [10] [INFO] Application startup complete.
[2025-12-07 02:16:11 +0000] [11] [INFO] Started server process [11]
[2025-12-07 02:16:11 +0000] [11] [INFO] Waiting for application startup.
[2025-12-07 02:16:11 +0000] [11] [INFO] Application startup complete.
[2025-12-07 02:16:11 +0000] [12] [INFO] Started server process [12]
[2025-12-07 02:16:11 +0000] [12] [INFO] Waiting for application startup.
[2025-12-07 02:16:11 +0000] [12] [INFO] Application startup complete.
[2025-12-07 02:16:59 +0000] [1] [INFO] Handling signal: term
[2025-12-07 02:16:59 +0000] [10] [INFO] Shutting down
[2025-12-07 02:16:59 +0000] [10] [INFO] Error while closing socket [Errno 9] Bad file descriptor
[2025-12-07 02:16:59 +0000] [9] [INFO] Shutting down
[2025-12-07 02:16:59 +0000] [9] [INFO] Error while closing socket [Errno 9] Bad file descriptor
[2025-12-07 02:16:59 +0000] [12] [INFO] Shutting down
[2025-12-07 02:16:59 +0000] [12] [INFO] Error while closing socket [Errno 9] Bad file descriptor
[2025-12-07 02:16:59 +0000] [11] [INFO] Shutting down
[2025-12-07 02:16:59 +0000] [11] [INFO] Error while closing socket [Errno 9] Bad file descriptor
[2025-12-07 02:16:59 +0000] [10] [INFO] Waiting for application shutdown.
[2025-12-07 02:16:59 +0000] [10] [INFO] Application shutdown complete.
[2025-12-07 02:16:59 +0000] [10] [INFO] Finished server process [10]
[2025-12-07 02:16:59 +0000] [1] [ERROR] Worker (pid:10) was sent SIGTERM!
[2025-12-07 02:16:59 +0000] [9] [INFO] Waiting for application shutdown.
[2025-12-07 02:16:59 +0000] [9] [INFO] Application shutdown complete.
[2025-12-07 02:16:59 +0000] [9] [INFO] Finished server process [9]
[2025-12-07 02:16:59 +0000] [12] [INFO] Waiting for application shutdown.
[2025-12-07 02:16:59 +0000] [12] [INFO] Application shutdown complete.
[2025-12-07 02:16:59 +0000] [12] [INFO] Finished server process [12]
[2025-12-07 02:16:59 +0000] [1] [ERROR] Worker (pid:9) was sent SIGTERM!
[2025-12-07 02:16:59 +0000] [11] [INFO] Waiting for application shutdown.
[2025-12-07 02:16:59 +0000] [11] [INFO] Application shutdown complete.
[2025-12-07 02:16:59 +0000] [11] [INFO] Finished server process [11]
[2025-12-07 02:16:59 +0000] [1] [ERROR] Worker (pid:11) was sent SIGTERM!
[2025-12-07 02:16:59 +0000] [1] [ERROR] Worker (pid:12) was sent SIGTERM!
[2025-12-07 02:16:59 +0000] [1] [INFO] Shutting down: Master
Using environment workers: 4
Starting Python FastAPI with 4 workers...
[2025-12-07 02:31:21 +0000] [1] [INFO] Starting gunicorn 23.0.0
[2025-12-07 02:31:21 +0000] [1] [INFO] Listening at: http://0.0.0.0:5677 (1)
[2025-12-07 02:31:21 +0000] [1] [INFO] Using worker: uvicorn.workers.UvicornWorker
[2025-12-07 02:31:21 +0000] [10] [INFO] Booting worker with pid: 10
[2025-12-07 02:31:21 +0000] [11] [INFO] Booting worker with pid: 11
[2025-12-07 02:31:21 +0000] [12] [INFO] Booting worker with pid: 12
[2025-12-07 02:31:21 +0000] [13] [INFO] Booting worker with pid: 13
[2025-12-07 02:31:21 +0000] [10] [INFO] Started server process [10]
[2025-12-07 02:31:21 +0000] [10] [INFO] Waiting for application startup.
[2025-12-07 02:31:21 +0000] [11] [INFO] Started server process [11]
[2025-12-07 02:31:21 +0000] [11] [INFO] Waiting for application startup.
[2025-12-07 02:31:21 +0000] [10] [INFO] Application startup complete.
[2025-12-07 02:31:21 +0000] [11] [INFO] Application startup complete.
[2025-12-07 02:31:21 +0000] [12] [INFO] Started server process [12]
[2025-12-07 02:31:21 +0000] [12] [INFO] Waiting for application startup.
[2025-12-07 02:31:21 +0000] [12] [INFO] Application startup complete.
[2025-12-07 02:31:22 +0000] [13] [INFO] Started server process [13]
[2025-12-07 02:31:22 +0000] [13] [INFO] Waiting for application startup.
[2025-12-07 02:31:22 +0000] [13] [INFO] Application startup complete.
[2025-12-07 02:31:27 +0000] [1] [INFO] Handling signal: term
[2025-12-07 02:31:27 +0000] [13] [INFO] Shutting down
[2025-12-07 02:31:27 +0000] [10] [INFO] Shutting down
[2025-12-07 02:31:27 +0000] [10] [INFO] Error while closing socket [Errno 9] Bad file descriptor
[2025-12-07 02:31:27 +0000] [13] [INFO] Error while closing socket [Errno 9] Bad file descriptor
[2025-12-07 02:31:27 +0000] [11] [INFO] Shutting down
[2025-12-07 02:31:27 +0000] [11] [INFO] Error while closing socket [Errno 9] Bad file descriptor
[2025-12-07 02:31:27 +0000] [12] [INFO] Shutting down
[2025-12-07 02:31:27 +0000] [12] [INFO] Error while closing socket [Errno 9] Bad file descriptor
[2025-12-07 02:31:27 +0000] [10] [INFO] Waiting for application shutdown.
[2025-12-07 02:31:27 +0000] [10] [INFO] Application shutdown complete.
[2025-12-07 02:31:27 +0000] [10] [INFO] Finished server process [10]
[2025-12-07 02:31:27 +0000] [12] [INFO] Waiting for application shutdown.
[2025-12-07 02:31:27 +0000] [12] [INFO] Application shutdown complete.
[2025-12-07 02:31:27 +0000] [12] [INFO] Finished server process [12]
[2025-12-07 02:31:27 +0000] [13] [INFO] Waiting for application shutdown.
[2025-12-07 02:31:27 +0000] [11] [INFO] Waiting for application shutdown.
[2025-12-07 02:31:27 +0000] [13] [INFO] Application shutdown complete.
[2025-12-07 02:31:27 +0000] [11] [INFO] Application shutdown complete.
[2025-12-07 02:31:27 +0000] [11] [INFO] Finished server process [11]
[2025-12-07 02:31:27 +0000] [13] [INFO] Finished server process [13]
[2025-12-07 02:31:27 +0000] [1] [ERROR] Worker (pid:12) was sent SIGTERM!
[2025-12-07 02:31:27 +0000] [1] [ERROR] Worker (pid:13) was sent SIGTERM!
[2025-12-07 02:31:27 +0000] [1] [ERROR] Worker (pid:10) was sent SIGTERM!
[2025-12-07 02:31:27 +0000] [1] [ERROR] Worker (pid:11) was sent SIGTERM!
[2025-12-07 02:31:27 +0000] [1] [INFO] Shutting down: Master
/app/start.sh: line 16: free: command not found
Auto-detected 1 workers (CPU: 4, RAM: GB)
Starting Python FastAPI with 1 workers...
Traceback (most recent call last):
  File "/app/.venv/bin/gunicorn", line 10, in <module>
    sys.exit(run())
             ^^^^^
  File "/app/.venv/lib/python3.12/site-packages/gunicorn/app/wsgiapp.py", line 66, in run
    WSGIApplication("%(prog)s [OPTIONS] [APP_MODULE]", prog=prog).run()
  File "/app/.venv/lib/python3.12/site-packages/gunicorn/app/base.py", line 235, in run
    super().run()
  File "/app/.venv/lib/python3.12/site-packages/gunicorn/app/base.py", line 71, in run
    Arbiter(self).run()
    ^^^^^^^^^^^^^
  File "/app/.venv/lib/python3.12/site-packages/gunicorn/arbiter.py", line 57, in __init__
    self.setup(app)
  File "/app/.venv/lib/python3.12/site-packages/gunicorn/arbiter.py", line 117, in setup
    self.app.wsgi()
  File "/app/.venv/lib/python3.12/site-packages/gunicorn/app/base.py", line 66, in wsgi
    self.callable = self.load()
                    ^^^^^^^^^^^
  File "/app/.venv/lib/python3.12/site-packages/gunicorn/app/wsgiapp.py", line 57, in load
    return self.load_wsgiapp()
           ^^^^^^^^^^^^^^^^^^^
  File "/app/.venv/lib/python3.12/site-packages/gunicorn/app/wsgiapp.py", line 47, in load_wsgiapp
    return util.import_app(self.app_uri)
           ^^^^^^^^^^^^^^^^^^^^^^^^^^^^^
  File "/app/.venv/lib/python3.12/site-packages/gunicorn/util.py", line 370, in import_app
    mod = importlib.import_module(module)
          ^^^^^^^^^^^^^^^^^^^^^^^^^^^^^^^
  File "/usr/local/lib/python3.12/importlib/__init__.py", line 90, in import_module
    return _bootstrap._gcd_import(name[level:], package, level)
           ^^^^^^^^^^^^^^^^^^^^^^^^^^^^^^^^^^^^^^^^^^^^^^^^^^^^
  File "<frozen importlib._bootstrap>", line 1387, in _gcd_import
  File "<frozen importlib._bootstrap>", line 1360, in _find_and_load
  File "<frozen importlib._bootstrap>", line 1331, in _find_and_load_unlocked
  File "<frozen importlib._bootstrap>", line 935, in _load_unlocked
  File "<frozen importlib._bootstrap_external>", line 995, in exec_module
  File "<frozen importlib._bootstrap_external>", line 1133, in get_code
  File "<frozen importlib._bootstrap_external>", line 1063, in source_to_code
  File "<frozen importlib._bootstrap>", line 488, in _call_with_frames_removed
  File "/app/main.py", line 12
    return {"embedding": [0.1, 0.2, 0.3]
           ^
SyntaxError: '{' was never closed
/app/start.sh: line 16: free: command not found
Auto-detected 1 workers (CPU: 4, RAM: GB)
Starting Python FastAPI with 1 workers...
Traceback (most recent call last):
  File "/app/.venv/bin/gunicorn", line 10, in <module>
    sys.exit(run())
             ^^^^^
  File "/app/.venv/lib/python3.12/site-packages/gunicorn/app/wsgiapp.py", line 66, in run
    WSGIApplication("%(prog)s [OPTIONS] [APP_MODULE]", prog=prog).run()
  File "/app/.venv/lib/python3.12/site-packages/gunicorn/app/base.py", line 235, in run
    super().run()
  File "/app/.venv/lib/python3.12/site-packages/gunicorn/app/base.py", line 71, in run
    Arbiter(self).run()
    ^^^^^^^^^^^^^
  File "/app/.venv/lib/python3.12/site-packages/gunicorn/arbiter.py", line 57, in __init__
    self.setup(app)
  File "/app/.venv/lib/python3.12/site-packages/gunicorn/arbiter.py", line 117, in setup
    self.app.wsgi()
  File "/app/.venv/lib/python3.12/site-packages/gunicorn/app/base.py", line 66, in wsgi
    self.callable = self.load()
                    ^^^^^^^^^^^
  File "/app/.venv/lib/python3.12/site-packages/gunicorn/app/wsgiapp.py", line 57, in load
    return self.load_wsgiapp()
           ^^^^^^^^^^^^^^^^^^^
  File "/app/.venv/lib/python3.12/site-packages/gunicorn/app/wsgiapp.py", line 47, in load_wsgiapp
    return util.import_app(self.app_uri)
           ^^^^^^^^^^^^^^^^^^^^^^^^^^^^^
  File "/app/.venv/lib/python3.12/site-packages/gunicorn/util.py", line 370, in import_app
    mod = importlib.import_module(module)
          ^^^^^^^^^^^^^^^^^^^^^^^^^^^^^^^
  File "/usr/local/lib/python3.12/importlib/__init__.py", line 90, in import_module
    return _bootstrap._gcd_import(name[level:], package, level)
           ^^^^^^^^^^^^^^^^^^^^^^^^^^^^^^^^^^^^^^^^^^^^^^^^^^^^
  File "<frozen importlib._bootstrap>", line 1387, in _gcd_import
  File "<frozen importlib._bootstrap>", line 1360, in _find_and_load
  File "<frozen importlib._bootstrap>", line 1331, in _find_and_load_unlocked
  File "<frozen importlib._bootstrap>", line 935, in _load_unlocked
  File "<frozen importlib._bootstrap_external>", line 995, in exec_module
  File "<frozen importlib._bootstrap_external>", line 1133, in get_code
  File "<frozen importlib._bootstrap_external>", line 1063, in source_to_code
  File "<frozen importlib._bootstrap>", line 488, in _call_with_frames_removed
  File "/app/main.py", line 12
    return {"embedding": [0.1, 0.2, 0.3]
           ^
SyntaxError: '{' was never closed
/app/start.sh: line 16: free: command not found
Auto-detected 1 workers (CPU: 4, RAM: GB)
Starting Python FastAPI with 1 workers...
Traceback (most recent call last):
  File "/app/.venv/bin/gunicorn", line 10, in <module>
    sys.exit(run())
             ^^^^^
  File "/app/.venv/lib/python3.12/site-packages/gunicorn/app/wsgiapp.py", line 66, in run
    WSGIApplication("%(prog)s [OPTIONS] [APP_MODULE]", prog=prog).run()
  File "/app/.venv/lib/python3.12/site-packages/gunicorn/app/base.py", line 235, in run
    super().run()
  File "/app/.venv/lib/python3.12/site-packages/gunicorn/app/base.py", line 71, in run
    Arbiter(self).run()
    ^^^^^^^^^^^^^
  File "/app/.venv/lib/python3.12/site-packages/gunicorn/arbiter.py", line 57, in __init__
    self.setup(app)
  File "/app/.venv/lib/python3.12/site-packages/gunicorn/arbiter.py", line 117, in setup
    self.app.wsgi()
  File "/app/.venv/lib/python3.12/site-packages/gunicorn/app/base.py", line 66, in wsgi
    self.callable = self.load()
                    ^^^^^^^^^^^
  File "/app/.venv/lib/python3.12/site-packages/gunicorn/app/wsgiapp.py", line 57, in load
    return self.load_wsgiapp()
           ^^^^^^^^^^^^^^^^^^^
  File "/app/.venv/lib/python3.12/site-packages/gunicorn/app/wsgiapp.py", line 47, in load_wsgiapp
    return util.import_app(self.app_uri)
           ^^^^^^^^^^^^^^^^^^^^^^^^^^^^^
  File "/app/.venv/lib/python3.12/site-packages/gunicorn/util.py", line 370, in import_app
    mod = importlib.import_module(module)
          ^^^^^^^^^^^^^^^^^^^^^^^^^^^^^^^
  File "/usr/local/lib/python3.12/importlib/__init__.py", line 90, in import_module
    return _bootstrap._gcd_import(name[level:], package, level)
           ^^^^^^^^^^^^^^^^^^^^^^^^^^^^^^^^^^^^^^^^^^^^^^^^^^^^
  File "<frozen importlib._bootstrap>", line 1387, in _gcd_import
  File "<frozen importlib._bootstrap>", line 1360, in _find_and_load
  File "<frozen importlib._bootstrap>", line 1331, in _find_and_load_unlocked
  File "<frozen importlib._bootstrap>", line 935, in _load_unlocked
  File "<frozen importlib._bootstrap_external>", line 995, in exec_module
  File "<frozen importlib._bootstrap_external>", line 1133, in get_code
  File "<frozen importlib._bootstrap_external>", line 1063, in source_to_code
  File "<frozen importlib._bootstrap>", line 488, in _call_with_frames_removed
  File "/app/main.py", line 12
    return {"embedding": [0.1, 0.2, 0.3]
           ^
SyntaxError: '{' was never closed
/app/start.sh: line 16: free: command not found
Auto-detected 1 workers (CPU: 4, RAM: GB)
Starting Python FastAPI with 1 workers...
Traceback (most recent call last):
  File "/app/.venv/bin/gunicorn", line 10, in <module>
    sys.exit(run())
             ^^^^^
  File "/app/.venv/lib/python3.12/site-packages/gunicorn/app/wsgiapp.py", line 66, in run
    WSGIApplication("%(prog)s [OPTIONS] [APP_MODULE]", prog=prog).run()
  File "/app/.venv/lib/python3.12/site-packages/gunicorn/app/base.py", line 235, in run
    super().run()
  File "/app/.venv/lib/python3.12/site-packages/gunicorn/app/base.py", line 71, in run
    Arbiter(self).run()
    ^^^^^^^^^^^^^
  File "/app/.venv/lib/python3.12/site-packages/gunicorn/arbiter.py", line 57, in __init__
    self.setup(app)
  File "/app/.venv/lib/python3.12/site-packages/gunicorn/arbiter.py", line 117, in setup
    self.app.wsgi()
  File "/app/.venv/lib/python3.12/site-packages/gunicorn/app/base.py", line 66, in wsgi
    self.callable = self.load()
                    ^^^^^^^^^^^
  File "/app/.venv/lib/python3.12/site-packages/gunicorn/app/wsgiapp.py", line 57, in load
    return self.load_wsgiapp()
           ^^^^^^^^^^^^^^^^^^^
  File "/app/.venv/lib/python3.12/site-packages/gunicorn/app/wsgiapp.py", line 47, in load_wsgiapp
    return util.import_app(self.app_uri)
           ^^^^^^^^^^^^^^^^^^^^^^^^^^^^^
  File "/app/.venv/lib/python3.12/site-packages/gunicorn/util.py", line 370, in import_app
    mod = importlib.import_module(module)
          ^^^^^^^^^^^^^^^^^^^^^^^^^^^^^^^
  File "/usr/local/lib/python3.12/importlib/__init__.py", line 90, in import_module
    return _bootstrap._gcd_import(name[level:], package, level)
           ^^^^^^^^^^^^^^^^^^^^^^^^^^^^^^^^^^^^^^^^^^^^^^^^^^^^
  File "<frozen importlib._bootstrap>", line 1387, in _gcd_import
  File "<frozen importlib._bootstrap>", line 1360, in _find_and_load
  File "<frozen importlib._bootstrap>", line 1331, in _find_and_load_unlocked
  File "<frozen importlib._bootstrap>", line 935, in _load_unlocked
  File "<frozen importlib._bootstrap_external>", line 995, in exec_module
  File "<frozen importlib._bootstrap_external>", line 1133, in get_code
  File "<frozen importlib._bootstrap_external>", line 1063, in source_to_code
  File "<frozen importlib._bootstrap>", line 488, in _call_with_frames_removed
  File "/app/main.py", line 12
    return {"embedding": [0.1, 0.2, 0.3]
           ^
SyntaxError: '{' was never closed
/app/start.sh: line 16: free: command not found
Auto-detected 1 workers (CPU: 4, RAM: GB)
Starting Python FastAPI with 1 workers...
Traceback (most recent call last):
  File "/app/.venv/bin/gunicorn", line 10, in <module>
    sys.exit(run())
             ^^^^^
  File "/app/.venv/lib/python3.12/site-packages/gunicorn/app/wsgiapp.py", line 66, in run
    WSGIApplication("%(prog)s [OPTIONS] [APP_MODULE]", prog=prog).run()
  File "/app/.venv/lib/python3.12/site-packages/gunicorn/app/base.py", line 235, in run
    super().run()
  File "/app/.venv/lib/python3.12/site-packages/gunicorn/app/base.py", line 71, in run
    Arbiter(self).run()
    ^^^^^^^^^^^^^
  File "/app/.venv/lib/python3.12/site-packages/gunicorn/arbiter.py", line 57, in __init__
    self.setup(app)
  File "/app/.venv/lib/python3.12/site-packages/gunicorn/arbiter.py", line 117, in setup
    self.app.wsgi()
  File "/app/.venv/lib/python3.12/site-packages/gunicorn/app/base.py", line 66, in wsgi
    self.callable = self.load()
                    ^^^^^^^^^^^
  File "/app/.venv/lib/python3.12/site-packages/gunicorn/app/wsgiapp.py", line 57, in load
    return self.load_wsgiapp()
           ^^^^^^^^^^^^^^^^^^^
  File "/app/.venv/lib/python3.12/site-packages/gunicorn/app/wsgiapp.py", line 47, in load_wsgiapp
    return util.import_app(self.app_uri)
           ^^^^^^^^^^^^^^^^^^^^^^^^^^^^^
  File "/app/.venv/lib/python3.12/site-packages/gunicorn/util.py", line 370, in import_app
    mod = importlib.import_module(module)
          ^^^^^^^^^^^^^^^^^^^^^^^^^^^^^^^
  File "/usr/local/lib/python3.12/importlib/__init__.py", line 90, in import_module
    return _bootstrap._gcd_import(name[level:], package, level)
           ^^^^^^^^^^^^^^^^^^^^^^^^^^^^^^^^^^^^^^^^^^^^^^^^^^^^
  File "<frozen importlib._bootstrap>", line 1387, in _gcd_import
  File "<frozen importlib._bootstrap>", line 1360, in _find_and_load
  File "<frozen importlib._bootstrap>", line 1331, in _find_and_load_unlocked
  File "<frozen importlib._bootstrap>", line 935, in _load_unlocked
  File "<frozen importlib._bootstrap_external>", line 995, in exec_module
  File "<frozen importlib._bootstrap_external>", line 1133, in get_code
  File "<frozen importlib._bootstrap_external>", line 1063, in source_to_code
  File "<frozen importlib._bootstrap>", line 488, in _call_with_frames_removed
  File "/app/main.py", line 12
    return {"embedding": [0.1, 0.2, 0.3]
           ^
SyntaxError: '{' was never closed
/app/start.sh: line 16: free: command not found
Auto-detected 1 workers (CPU: 4, RAM: GB)
Starting Python FastAPI with 1 workers...
Traceback (most recent call last):
  File "/app/.venv/bin/gunicorn", line 10, in <module>
    sys.exit(run())
             ^^^^^
  File "/app/.venv/lib/python3.12/site-packages/gunicorn/app/wsgiapp.py", line 66, in run
    WSGIApplication("%(prog)s [OPTIONS] [APP_MODULE]", prog=prog).run()
  File "/app/.venv/lib/python3.12/site-packages/gunicorn/app/base.py", line 235, in run
    super().run()
  File "/app/.venv/lib/python3.12/site-packages/gunicorn/app/base.py", line 71, in run
    Arbiter(self).run()
    ^^^^^^^^^^^^^
  File "/app/.venv/lib/python3.12/site-packages/gunicorn/arbiter.py", line 57, in __init__
    self.setup(app)
  File "/app/.venv/lib/python3.12/site-packages/gunicorn/arbiter.py", line 117, in setup
    self.app.wsgi()
  File "/app/.venv/lib/python3.12/site-packages/gunicorn/app/base.py", line 66, in wsgi
    self.callable = self.load()
                    ^^^^^^^^^^^
  File "/app/.venv/lib/python3.12/site-packages/gunicorn/app/wsgiapp.py", line 57, in load
    return self.load_wsgiapp()
           ^^^^^^^^^^^^^^^^^^^
  File "/app/.venv/lib/python3.12/site-packages/gunicorn/app/wsgiapp.py", line 47, in load_wsgiapp
    return util.import_app(self.app_uri)
           ^^^^^^^^^^^^^^^^^^^^^^^^^^^^^
  File "/app/.venv/lib/python3.12/site-packages/gunicorn/util.py", line 370, in import_app
    mod = importlib.import_module(module)
          ^^^^^^^^^^^^^^^^^^^^^^^^^^^^^^^
  File "/usr/local/lib/python3.12/importlib/__init__.py", line 90, in import_module
    return _bootstrap._gcd_import(name[level:], package, level)
           ^^^^^^^^^^^^^^^^^^^^^^^^^^^^^^^^^^^^^^^^^^^^^^^^^^^^
  File "<frozen importlib._bootstrap>", line 1387, in _gcd_import
  File "<frozen importlib._bootstrap>", line 1360, in _find_and_load
  File "<frozen importlib._bootstrap>", line 1331, in _find_and_load_unlocked
  File "<frozen importlib._bootstrap>", line 935, in _load_unlocked
  File "<frozen importlib._bootstrap_external>", line 995, in exec_module
  File "<frozen importlib._bootstrap_external>", line 1133, in get_code
  File "<frozen importlib._bootstrap_external>", line 1063, in source_to_code
  File "<frozen importlib._bootstrap>", line 488, in _call_with_frames_removed
  File "/app/main.py", line 12
    return {"embedding": [0.1, 0.2, 0.3]
           ^
SyntaxError: '{' was never closed
/app/start.sh: line 16: free: command not found
Auto-detected 1 workers (CPU: 4, RAM: GB)
Starting Python FastAPI with 1 workers...
Traceback (most recent call last):
  File "/app/.venv/bin/gunicorn", line 10, in <module>
    sys.exit(run())
             ^^^^^
  File "/app/.venv/lib/python3.12/site-packages/gunicorn/app/wsgiapp.py", line 66, in run
    WSGIApplication("%(prog)s [OPTIONS] [APP_MODULE]", prog=prog).run()
  File "/app/.venv/lib/python3.12/site-packages/gunicorn/app/base.py", line 235, in run
    super().run()
  File "/app/.venv/lib/python3.12/site-packages/gunicorn/app/base.py", line 71, in run
    Arbiter(self).run()
    ^^^^^^^^^^^^^
  File "/app/.venv/lib/python3.12/site-packages/gunicorn/arbiter.py", line 57, in __init__
    self.setup(app)
  File "/app/.venv/lib/python3.12/site-packages/gunicorn/arbiter.py", line 117, in setup
    self.app.wsgi()
  File "/app/.venv/lib/python3.12/site-packages/gunicorn/app/base.py", line 66, in wsgi
    self.callable = self.load()
                    ^^^^^^^^^^^
  File "/app/.venv/lib/python3.12/site-packages/gunicorn/app/wsgiapp.py", line 57, in load
    return self.load_wsgiapp()
           ^^^^^^^^^^^^^^^^^^^
  File "/app/.venv/lib/python3.12/site-packages/gunicorn/app/wsgiapp.py", line 47, in load_wsgiapp
    return util.import_app(self.app_uri)
           ^^^^^^^^^^^^^^^^^^^^^^^^^^^^^
  File "/app/.venv/lib/python3.12/site-packages/gunicorn/util.py", line 370, in import_app
    mod = importlib.import_module(module)
          ^^^^^^^^^^^^^^^^^^^^^^^^^^^^^^^
  File "/usr/local/lib/python3.12/importlib/__init__.py", line 90, in import_module
    return _bootstrap._gcd_import(name[level:], package, level)
           ^^^^^^^^^^^^^^^^^^^^^^^^^^^^^^^^^^^^^^^^^^^^^^^^^^^^
  File "<frozen importlib._bootstrap>", line 1387, in _gcd_import
  File "<frozen importlib._bootstrap>", line 1360, in _find_and_load
  File "<frozen importlib._bootstrap>", line 1331, in _find_and_load_unlocked
  File "<frozen importlib._bootstrap>", line 935, in _load_unlocked
  File "<frozen importlib._bootstrap_external>", line 995, in exec_module
  File "<frozen importlib._bootstrap_external>", line 1133, in get_code
  File "<frozen importlib._bootstrap_external>", line 1063, in source_to_code
  File "<frozen importlib._bootstrap>", line 488, in _call_with_frames_removed
  File "/app/main.py", line 12
    return {"embedding": [0.1, 0.2, 0.3]
           ^
SyntaxError: '{' was never closed
/app/start.sh: line 16: free: command not found
Auto-detected 1 workers (CPU: 4, RAM: GB)
Starting Python FastAPI with 1 workers...
Traceback (most recent call last):
  File "/app/.venv/bin/gunicorn", line 10, in <module>
    sys.exit(run())
             ^^^^^
  File "/app/.venv/lib/python3.12/site-packages/gunicorn/app/wsgiapp.py", line 66, in run
    WSGIApplication("%(prog)s [OPTIONS] [APP_MODULE]", prog=prog).run()
  File "/app/.venv/lib/python3.12/site-packages/gunicorn/app/base.py", line 235, in run
    super().run()
  File "/app/.venv/lib/python3.12/site-packages/gunicorn/app/base.py", line 71, in run
    Arbiter(self).run()
    ^^^^^^^^^^^^^
  File "/app/.venv/lib/python3.12/site-packages/gunicorn/arbiter.py", line 57, in __init__
    self.setup(app)
  File "/app/.venv/lib/python3.12/site-packages/gunicorn/arbiter.py", line 117, in setup
    self.app.wsgi()
  File "/app/.venv/lib/python3.12/site-packages/gunicorn/app/base.py", line 66, in wsgi
    self.callable = self.load()
                    ^^^^^^^^^^^
  File "/app/.venv/lib/python3.12/site-packages/gunicorn/app/wsgiapp.py", line 57, in load
    return self.load_wsgiapp()
           ^^^^^^^^^^^^^^^^^^^
  File "/app/.venv/lib/python3.12/site-packages/gunicorn/app/wsgiapp.py", line 47, in load_wsgiapp
    return util.import_app(self.app_uri)
           ^^^^^^^^^^^^^^^^^^^^^^^^^^^^^
  File "/app/.venv/lib/python3.12/site-packages/gunicorn/util.py", line 370, in import_app
    mod = importlib.import_module(module)
          ^^^^^^^^^^^^^^^^^^^^^^^^^^^^^^^
  File "/usr/local/lib/python3.12/importlib/__init__.py", line 90, in import_module
    return _bootstrap._gcd_import(name[level:], package, level)
           ^^^^^^^^^^^^^^^^^^^^^^^^^^^^^^^^^^^^^^^^^^^^^^^^^^^^
  File "<frozen importlib._bootstrap>", line 1387, in _gcd_import
  File "<frozen importlib._bootstrap>", line 1360, in _find_and_load
  File "<frozen importlib._bootstrap>", line 1331, in _find_and_load_unlocked
  File "<frozen importlib._bootstrap>", line 935, in _load_unlocked
  File "<frozen importlib._bootstrap_external>", line 995, in exec_module
  File "<frozen importlib._bootstrap_external>", line 1133, in get_code
  File "<frozen importlib._bootstrap_external>", line 1063, in source_to_code
  File "<frozen importlib._bootstrap>", line 488, in _call_with_frames_removed
  File "/app/main.py", line 12
    return {"embedding": [0.1, 0.2, 0.3]
           ^
SyntaxError: '{' was never closed
Using environment workers: 1
Starting Python FastAPI with 1 workers...
[2025-12-07 03:20:51 +0000] [1] [INFO] Starting gunicorn 23.0.0
[2025-12-07 03:20:51 +0000] [1] [INFO] Listening at: http://0.0.0.0:5677 (1)
[2025-12-07 03:20:51 +0000] [1] [INFO] Using worker: uvicorn.workers.UvicornWorker
[2025-12-07 03:20:51 +0000] [9] [INFO] Booting worker with pid: 9
[2025-12-07 03:20:52 +0000] [9] [INFO] Started server process [9]
[2025-12-07 03:20:52 +0000] [9] [INFO] Waiting for application startup.
[2025-12-07 03:20:52 +0000] [9] [INFO] Application startup complete.
172.19.0.6:33168 - "GET /health HTTP/1.0" 200
172.19.0.6:52898 - "POST /embed HTTP/1.0" 422
172.19.0.6:51954 - "POST /embed HTTP/1.0" 422
172.19.0.6:41752 - "POST /embed?text=zz HTTP/1.0" 200
172.19.0.1:51496 - "GET /plugins/health HTTP/1.1" 404
